#
# A fatal error has been detected by the Java Runtime Environment:
#
#  EXCEPTION_ACCESS_VIOLATION (0xc0000005) at pc=0x00007fff09f2603e, pid=20776, tid=7652
#
# JRE version: Java(TM) SE Runtime Environment (17.0.8+9) (build 17.0.8+9-LTS-211)
# Java VM: Java HotSpot(TM) 64-Bit Server VM (17.0.8+9-LTS-211, mixed mode, sharing, tiered, compressed oops, compressed class ptrs, g1 gc, windows-amd64)
# Problematic frame:
# C  [jfxwebkit.dll+0x12603e]
#
# No core dump will be written. Minidumps are not enabled by default on client versions of Windows
#
# If you would like to submit a bug report, please visit:
#   https://bugreport.java.com/bugreport/crash.jsp
# The crash happened outside the Java Virtual Machine in native code.
# See problematic frame for where to report the bug.
#

---------------  S U M M A R Y ------------

Command Line: -Dfile.encoding=UTF8 -javaagent:C:\Program Files\JetBrains\IntelliJ IDEA 2023.2.2\lib\idea_rt.jar=58832:C:\Program Files\JetBrains\IntelliJ IDEA 2023.2.2\bin -Dfile.encoding=UTF-8 --module-path=C:\Users\diego\.m2\repository\org\openjfx\javafx-controls\17.0.6\javafx-controls-17.0.6-win.jar;C:\Users\diego\.m2\repository\org\openjfx\javafx-media\17.0.6\javafx-media-17.0.6-win.jar;C:\Users\diego\.m2\repository\org\openjfx\javafx-base\17.0.6\javafx-base-17.0.6-win.jar;C:\Users\diego\.m2\repository\org\openjfx\javafx-graphics\17.0.6\javafx-graphics-17.0.6-win.jar;G:\Mi unidad\2DAM D.G.A\DDI\Proyectos\AppAyuda\target\classes;C:\Users\diego\.m2\repository\org\openjfx\javafx-web\17.0.6\javafx-web-17.0.6-win.jar;C:\Users\diego\.m2\repository\org\openjfx\javafx-fxml\17.0.6\javafx-fxml-17.0.6-win.jar -Djdk.module.main=es.ieslosmontecillos.appayuda es.ieslosmontecillos.appayuda/es.ieslosmontecillos.appayuda.WebViewSample

Host: AMD Ryzen 5 3600X 6-Core Processor             , 12 cores, 15G,  Windows 10 , 64 bit Build 19041 (10.0.19041.3636)
Time: Thu Feb 15 12:09:36 2024 Hora estándar romance elapsed time: 14.516816 seconds (0d 0h 0m 14s)

---------------  T H R E A D  ---------------

Current thread (0x000002b704ff97c0):  JavaThread "JavaFX Application Thread" [_thread_in_native, id=7652, stack(0x000000c9f9c00000,0x000000c9f9d00000)]

Stack: [0x000000c9f9c00000,0x000000c9f9d00000],  sp=0x000000c9f9cfe678,  free space=1017k
Native frames: (J=compiled Java code, j=interpreted, Vv=VM code, C=native code)
C  [jfxwebkit.dll+0x12603e]

Java frames: (J=compiled Java code, j=interpreted, Vv=VM code)
j  com.sun.webkit.network.URLLoaderBase.twkDidSendData(JJJ)V+0 javafx.web
j  com.sun.webkit.network.HTTP2Loader.notifyDidSendData(JJ)V+64 javafx.web
j  com.sun.webkit.network.HTTP2Loader.lambda$didSendData$19(JJ)V+3 javafx.web
j  com.sun.webkit.network.HTTP2Loader$$Lambda$650+0x000002b6c0329d38.run()V+12 javafx.web
J 2877 c1 com.sun.webkit.network.HTTP2Loader$$Lambda$399+0x000002b6c0267dd8.run()V javafx.web (12 bytes) @ 0x000002b6a307e04c [0x000002b6a307dec0+0x000000000000018c]
J 2943 c1 com.sun.javafx.application.PlatformImpl$$Lambda$90+0x000002b6c003fca8.run()Ljava/lang/Object; javafx.graphics (8 bytes) @ 0x000002b6a30a1304 [0x000002b6a30a11c0+0x0000000000000144]
J 2908 c1 com.sun.javafx.application.PlatformImpl.lambda$runLater$11(Ljava/lang/Runnable;Ljava/security/AccessControlContext;)V javafx.graphics (41 bytes) @ 0x000002b6a30904b4 [0x000002b6a308fea0+0x0000000000000614]
J 2907 c1 com.sun.javafx.application.PlatformImpl$$Lambda$89+0x000002b6c003f428.run()V javafx.graphics (12 bytes) @ 0x000002b6a308faa4 [0x000002b6a308fa20+0x0000000000000084]
J 2904 c1 com.sun.glass.ui.InvokeLaterDispatcher$Future.run()V javafx.graphics (91 bytes) @ 0x000002b6a308a414 [0x000002b6a308a300+0x0000000000000114]
v  ~StubRoutines::call_stub
j  com.sun.glass.ui.win.WinApplication._runLoop(Ljava/lang/Runnable;)V+0 javafx.graphics
j  com.sun.glass.ui.win.WinApplication.lambda$runLoop$3(ILjava/lang/Runnable;)V+8 javafx.graphics
j  com.sun.glass.ui.win.WinApplication$$Lambda$78+0x000002b6c002b3f8.run()V+12 javafx.graphics
j  java.lang.Thread.run()V+11 java.base@17.0.8
v  ~StubRoutines::call_stub

siginfo: EXCEPTION_ACCESS_VIOLATION (0xc0000005), reading address 0x00000509ecf2e41e


Register to memory mapping:

RIP=0x00007fff09f2603e jfxwebkit.dll
RAX=0x00000509ecf2e41e is an unknown value
RBX={method} {0x000002b7007a2dc0} 'twkDidSendData' '(JJJ)V' in 'com/sun/webkit/network/URLLoaderBase'
RCX=0x000000c9f9cfbd20 is pointing into the stack for thread: 0x000002b704ff97c0
RDX=0x00000000000001ff is an unknown value
RSP=0x000000c9f9cfe678 is pointing into the stack for thread: 0x000002b704ff97c0
RBP=0x000000c9f9cfe720 is pointing into the stack for thread: 0x000002b704ff97c0
RSI=0x000002b70137a000 is pointing into metadata
RDI=0x00000000000001fc is an unknown value
R8 =0x00000000000001ff is an unknown value
R9 =0x00000000000001ff is an unknown value
R10=0x000002b6aa07d5f2 is at code_begin+946 in an Interpreter codelet
method entry point (kind = native)  [0x000002b6aa07d240, 0x000002b6aa07dbc0]  2432 bytes
R11=0x00000007026496a0 is an oop: java.lang.Class 
{0x00000007026496a0} - klass: 'java/lang/Class'
 - ---- fields (total size 15 words):
 - private volatile transient 'classRedefinedCount' 'I' @12  0
 - private volatile transient 'cachedConstructor' 'Ljava/lang/reflect/Constructor;' @40  NULL (0)
 - private transient 'name' 'Ljava/lang/String;' @44  "com.sun.webkit.network.URLLoaderBase"{0x0000000702663fc0} (e04cc7f8)
 - private transient 'module' 'Ljava/lang/Module;' @48  a 'java/lang/Module'{0x0000000701749790} (e02e92f2)
 - private final 'classLoader' 'Ljava/lang/ClassLoader;' @52  a 'jdk/internal/loader/ClassLoaders$AppClassLoader'{0x00000007016027f8} (e02c04ff)
 - private transient 'classData' 'Ljava/lang/Object;' @56  NULL (0)
 - private transient 'packageName' 'Ljava/lang/String;' @60  "com.sun.webkit.network"{0x00000007025b9490} (e04b7292)
 - private final 'componentType' 'Ljava/lang/Class;' @64  NULL (0)
 - private volatile transient 'reflectionData' 'Ljava/lang/ref/SoftReference;' @68  NULL (0)
 - private volatile transient 'genericInfo' 'Lsun/reflect/generics/repository/ClassRepository;' @72  NULL (0)
 - private volatile transient 'enumConstants' '[Ljava/lang/Object;' @76  NULL (0)
 - private volatile transient 'enumConstantDirectory' 'Ljava/util/Map;' @80  NULL (0)
 - private volatile transient 'annotationData' 'Ljava/lang/Class$AnnotationData;' @84  NULL (0)
 - private volatile transient 'annotationType' 'Lsun/reflect/annotation/AnnotationType;' @88  NULL (0)
 - transient 'classValueMap' 'Ljava/lang/ClassValue$ClassValueMap;' @92  NULL (0)
 - signature: Lcom/sun/webkit/network/URLLoaderBase;
 - fake entry for mirror: 'com/sun/webkit/network/URLLoaderBase'
 - fake entry for array: NULL
 - fake entry for oop_size: 15
 - fake entry for static_oop_field_count: 0
 - public static final 'ALLOW_UNASSIGNED' 'I' @112  1
R12=0x0 is NULL
R13={method} {0x000002b7007a2dc0} 'twkDidSendData' '(JJJ)V' in 'com/sun/webkit/network/URLLoaderBase'
R14=0x000000c9f9cfe768 is pointing into the stack for thread: 0x000002b704ff97c0
R15=0x000002b704ff97c0 is a thread


Registers:
RAX=0x00000509ecf2e41e, RBX=0x000002b7007a2db8, RCX=0x000000c9f9cfbd20, RDX=0x00000000000001ff
RSP=0x000000c9f9cfe678, RBP=0x000000c9f9cfe720, RSI=0x000002b70137a000, RDI=0x00000000000001fc
R8 =0x00000000000001ff, R9 =0x00000000000001ff, R10=0x000002b6aa07d5f2, R11=0x00000007026496a0
R12=0x0000000000000000, R13=0x000002b7007a2db8, R14=0x000000c9f9cfe768, R15=0x000002b704ff97c0
RIP=0x00007fff09f2603e, EFLAGS=0x0000000000010283

Top of Stack: (sp=0x000000c9f9cfe678)
0x000000c9f9cfe678:   000002b6aa07d621 000002b75ad34430
0x000000c9f9cfe688:   0000000000000000 0000000000000000
0x000000c9f9cfe698:   00007fffa85f5ba1 000000c9f9cfbd20
0x000000c9f9cfe6a8:   000002b6000001a7 0000000000000000
0x000000c9f9cfe6b8:   000002b752c7bcd0 00000061e717c221
0x000000c9f9cfe6c8:   00007fff560f84df 000000c9f9cfe7b8
0x000000c9f9cfe6d8:   000000c9f9cfe6d8 0000000000000000
0x000000c9f9cfe6e8:   000000c9f9cfe768 000002b7009544d0
0x000000c9f9cfe6f8:   0000000000000000 00000007026496a0
0x000000c9f9cfe708:   000002b7007a2db8 0000000000000000
0x000000c9f9cfe718:   000000c9f9cfe740 000000c9f9cfe7b8
0x000000c9f9cfe728:   000002b6aa0794fe 00000007026496a0
0x000000c9f9cfe738:   000002b6aa07af78 000000c9f9cfbd20
0x000000c9f9cfe748:   0000000000000000 00000000000001ff
0x000000c9f9cfe758:   0000000000000000 00000000000001ff
0x000000c9f9cfe768:   0000000000000000 000000c9f9cfe770 

Instructions: (pc=0x00007fff09f2603e)
0x00007fff09f25f3e:   f6 ff 48 8b cb e8 d8 6b 9f 01 48 8b 5c 24 28 48
0x00007fff09f25f4e:   89 6c 24 28 48 85 db 74 1a f0 0f c1 3b 3b fe 75
0x00007fff09f25f5e:   12 87 33 48 8b cb e8 c7 54 f6 ff 48 8b cb e8 af
0x00007fff09f25f6e:   6b 9f 01 48 8b 4c 24 30 48 33 cc e8 f2 52 b9 01
0x00007fff09f25f7e:   48 8b 5c 24 68 48 83 c4 40 5f 5e 5d c3 cc cc cc
0x00007fff09f25f8e:   cc cc 40 53 48 81 ec 50 01 00 00 48 8b 05 c8 18
0x00007fff09f25f9e:   0d 04 48 33 c4 48 89 84 24 40 01 00 00 48 8b 84
0x00007fff09f25fae:   24 98 01 00 00 48 8b d1 4c 8b 94 24 90 01 00 00
0x00007fff09f25fbe:   48 8d 4c 24 40 4c 8b 9c 24 80 01 00 00 48 8b 9c
0x00007fff09f25fce:   24 a0 01 00 00 48 89 44 24 38 48 8b 84 24 88 01
0x00007fff09f25fde:   00 00 4c 89 54 24 30 48 89 44 24 28 4c 89 5c 24
0x00007fff09f25fee:   20 e8 5c e4 ff ff 48 8b 03 48 8d 54 24 40 48 8b
0x00007fff09f25ffe:   cb ff 50 10 48 8d 4c 24 40 e8 04 75 f0 ff 48 8b
0x00007fff09f2600e:   8c 24 40 01 00 00 48 33 cc e8 54 52 b9 01 48 81
0x00007fff09f2601e:   c4 50 01 00 00 5b c3 cc cc cc cc cc cc cc cc cc
0x00007fff09f2602e:   cc cc 48 8b 4c 24 28 49 8b d0 45 8b c1 48 8b 01
0x00007fff09f2603e:   48 ff 20 cc cc cc cc cc cc cc cc cc cc cc cc cc
0x00007fff09f2604e:   cc cc 40 53 48 81 ec 50 01 00 00 48 8b 05 08 18
0x00007fff09f2605e:   0d 04 48 33 c4 48 89 84 24 40 01 00 00 48 8b 84
0x00007fff09f2606e:   24 98 01 00 00 48 8b d1 4c 8b 94 24 90 01 00 00
0x00007fff09f2607e:   48 8d 4c 24 40 4c 8b 9c 24 80 01 00 00 48 8b 9c
0x00007fff09f2608e:   24 a0 01 00 00 48 89 44 24 38 48 8b 84 24 88 01
0x00007fff09f2609e:   00 00 4c 89 54 24 30 48 89 44 24 28 4c 89 5c 24
0x00007fff09f260ae:   20 e8 9c e3 ff ff 48 8b 03 48 8d 54 24 40 48 8b
0x00007fff09f260be:   cb ff 50 08 48 8d 4c 24 40 e8 44 74 f0 ff 48 8b
0x00007fff09f260ce:   8c 24 40 01 00 00 48 33 cc e8 94 51 b9 01 48 81
0x00007fff09f260de:   c4 50 01 00 00 5b c3 cc cc cc cc cc cc cc cc cc
0x00007fff09f260ee:   cc cc 48 8d 05 d1 a1 0d 04 c3 cc cc cc cc cc cc
0x00007fff09f260fe:   cc cc 4c 89 44 24 18 4c 89 4c 24 20 53 55 56 57
0x00007fff09f2610e:   48 83 ec 38 49 8b f0 48 8d 6c 24 78 48 8b fa 48
0x00007fff09f2611e:   8b d9 e8 cb ff ff ff 48 89 6c 24 28 4c 8b ce 4c
0x00007fff09f2612e:   8b c7 48 c7 44 24 20 00 00 00 00 48 8b d3 48 8b 


Stack slot to memory mapping:
stack at sp + 0 slots: 0x000002b6aa07d621 is at code_begin+993 in an Interpreter codelet
method entry point (kind = native)  [0x000002b6aa07d240, 0x000002b6aa07dbc0]  2432 bytes
stack at sp + 1 slots: 0x000002b75ad34430 points into unknown readable memory: 0x000002b75b76eee0 | e0 ee 76 5b b7 02 00 00
stack at sp + 2 slots: 0x0 is NULL
stack at sp + 3 slots: 0x0 is NULL
stack at sp + 4 slots: 0x00007fffa85f5ba1 ntdll.dll
stack at sp + 5 slots: 0x000000c9f9cfbd20 is pointing into the stack for thread: 0x000002b704ff97c0
stack at sp + 6 slots: 0x000002b6000001a7 is an unknown value
stack at sp + 7 slots: 0x0 is NULL


---------------  P R O C E S S  ---------------

Threads class SMR info:
_java_thread_list=0x000002b7589de6f0, length=40, elements={
0x000002b69b299700, 0x000002b6be4ba9d0, 0x000002b6be4bbd60, 0x000002b6be4ca7b0,
0x000002b6be4cc280, 0x000002b6be4cf980, 0x000002b6be4d0240, 0x000002b6be4d92f0,
0x000002b6be4dac00, 0x000002b6be608c80, 0x000002b6be6cd000, 0x000002b70445ec30,
0x000002b704b7e300, 0x000002b7048b0a80, 0x000002b704fe1a40, 0x000002b704ff97c0,
0x000002b705455f20, 0x000002b7053de5a0, 0x000002b705489b70, 0x000002b70548a510,
0x000002b7054879c0, 0x000002b705487e90, 0x000002b705487020, 0x000002b70548a9e0,
0x000002b705488360, 0x000002b705488830, 0x000002b705488d00, 0x000002b7054896a0,
0x000002b7054891d0, 0x000002b74cd35590, 0x000002b74cd368d0, 0x000002b74cd3bf70,
0x000002b74cd37270, 0x000002b74cd3a760, 0x000002b74cd35a60, 0x000002b74cd3c910,
0x000002b74cd35f30, 0x000002b74cd37740, 0x000002b74cd39420, 0x000002b74cd37c10
}

Java Threads: ( => current thread )
  0x000002b69b299700 JavaThread "main" [_thread_blocked, id=5728, stack(0x000000c9f8300000,0x000000c9f8400000)]
  0x000002b6be4ba9d0 JavaThread "Reference Handler" daemon [_thread_blocked, id=5360, stack(0x000000c9f8a00000,0x000000c9f8b00000)]
  0x000002b6be4bbd60 JavaThread "Finalizer" daemon [_thread_blocked, id=11544, stack(0x000000c9f8b00000,0x000000c9f8c00000)]
  0x000002b6be4ca7b0 JavaThread "Signal Dispatcher" daemon [_thread_blocked, id=3392, stack(0x000000c9f8c00000,0x000000c9f8d00000)]
  0x000002b6be4cc280 JavaThread "Attach Listener" daemon [_thread_blocked, id=6856, stack(0x000000c9f8d00000,0x000000c9f8e00000)]
  0x000002b6be4cf980 JavaThread "Service Thread" daemon [_thread_blocked, id=3020, stack(0x000000c9f8e00000,0x000000c9f8f00000)]
  0x000002b6be4d0240 JavaThread "Monitor Deflation Thread" daemon [_thread_blocked, id=8440, stack(0x000000c9f8f00000,0x000000c9f9000000)]
  0x000002b6be4d92f0 JavaThread "C2 CompilerThread0" daemon [_thread_blocked, id=16684, stack(0x000000c9f9000000,0x000000c9f9100000)]
  0x000002b6be4dac00 JavaThread "C1 CompilerThread0" daemon [_thread_blocked, id=19132, stack(0x000000c9f9100000,0x000000c9f9200000)]
  0x000002b6be608c80 JavaThread "Sweeper thread" daemon [_thread_blocked, id=4700, stack(0x000000c9f9200000,0x000000c9f9300000)]
  0x000002b6be6cd000 JavaThread "Common-Cleaner" daemon [_thread_blocked, id=14300, stack(0x000000c9f9300000,0x000000c9f9400000)]
  0x000002b70445ec30 JavaThread "Monitor Ctrl-Break" daemon [_thread_in_native, id=19684, stack(0x000000c9f9600000,0x000000c9f9700000)]
  0x000002b704b7e300 JavaThread "Notification Thread" daemon [_thread_blocked, id=15940, stack(0x000000c9f9700000,0x000000c9f9800000)]
  0x000002b7048b0a80 JavaThread "QuantumRenderer-0" daemon [_thread_blocked, id=11044, stack(0x000000c9f9900000,0x000000c9f9a00000)]
  0x000002b704fe1a40 JavaThread "InvokeLaterDispatcher" daemon [_thread_blocked, id=16280, stack(0x000000c9f9b00000,0x000000c9f9c00000)]
=>0x000002b704ff97c0 JavaThread "JavaFX Application Thread" [_thread_in_native, id=7652, stack(0x000000c9f9c00000,0x000000c9f9d00000)]
  0x000002b705455f20 JavaThread "Thread-1" daemon [_thread_in_native, id=18712, stack(0x000000c9f9e00000,0x000000c9f9f00000)]
  0x000002b7053de5a0 JavaThread "JavaFX-Launcher" [_thread_blocked, id=828, stack(0x000000c9f9f00000,0x000000c9fa000000)]
  0x000002b705489b70 JavaThread "Prism Font Disposer" daemon [_thread_blocked, id=15984, stack(0x000000c9f9400000,0x000000c9f9500000)]
  0x000002b70548a510 JavaThread "Disposer" daemon [_thread_blocked, id=11072, stack(0x000000c9fa500000,0x000000c9fa600000)]
  0x000002b7054879c0 JavaThread "HttpClient-1-SelectorManager" daemon [_thread_in_native, id=18444, stack(0x000000c9fa700000,0x000000c9fa800000)]
  0x000002b705487e90 JavaThread "HttpClient-1-Worker-0" daemon [_thread_blocked, id=8288, stack(0x000000c9fa800000,0x000000c9fa900000)]
  0x000002b705487020 JavaThread "HttpClient-1-Worker-1" daemon [_thread_blocked, id=13156, stack(0x000000c9fad00000,0x000000c9fae00000)]
  0x000002b70548a9e0 JavaThread "HttpClient-1-Worker-2" daemon [_thread_blocked, id=8432, stack(0x000000c9fae00000,0x000000c9faf00000)]
  0x000002b705488360 JavaThread "ForkJoinPool.commonPool-worker-1" daemon [_thread_blocked, id=16712, stack(0x000000c9fb800000,0x000000c9fb900000)]
  0x000002b705488830 JavaThread "Cleaner-0" daemon [_thread_blocked, id=5332, stack(0x000000c9fc100000,0x000000c9fc200000)]
  0x000002b705488d00 JavaThread "ForkJoinPool.commonPool-worker-2" daemon [_thread_blocked, id=12988, stack(0x000000c9fc500000,0x000000c9fc600000)]
  0x000002b7054896a0 JavaThread "Thread-4" daemon [_thread_in_native, id=10056, stack(0x000000c9fc600000,0x000000c9fc700000)]
  0x000002b7054891d0 JavaThread "ForkJoinPool.commonPool-worker-3" daemon [_thread_blocked, id=20788, stack(0x000000c9fc700000,0x000000c9fc800000)]
  0x000002b74cd35590 JavaThread "ForkJoinPool.commonPool-worker-4" daemon [_thread_blocked, id=13560, stack(0x000000c9fc800000,0x000000c9fc900000)]
  0x000002b74cd368d0 JavaThread "ForkJoinPool.commonPool-worker-5" daemon [_thread_blocked, id=10780, stack(0x000000c9fc900000,0x000000c9fca00000)]
  0x000002b74cd3bf70 JavaThread "ForkJoinPool.commonPool-worker-6" daemon [_thread_blocked, id=9528, stack(0x000000c9fca00000,0x000000c9fcb00000)]
  0x000002b74cd37270 JavaThread "ForkJoinPool.commonPool-worker-7" daemon [_thread_blocked, id=19056, stack(0x000000c9fcb00000,0x000000c9fcc00000)]
  0x000002b74cd3a760 JavaThread "ForkJoinPool.commonPool-worker-8" daemon [_thread_blocked, id=19136, stack(0x000000c9fcc00000,0x000000c9fcd00000)]
  0x000002b74cd35a60 JavaThread "ForkJoinPool.commonPool-worker-9" daemon [_thread_blocked, id=10892, stack(0x000000c9fcd00000,0x000000c9fce00000)]
  0x000002b74cd3c910 JavaThread "ForkJoinPool.commonPool-worker-10" daemon [_thread_blocked, id=10580, stack(0x000000c9fce00000,0x000000c9fcf00000)]
  0x000002b74cd35f30 JavaThread "ForkJoinPool.commonPool-worker-11" daemon [_thread_blocked, id=20468, stack(0x000000c9fcf00000,0x000000c9fd000000)]
  0x000002b74cd37740 JavaThread "HttpClient-1-Worker-3" daemon [_thread_blocked, id=22552, stack(0x000000c9fd400000,0x000000c9fd500000)]
  0x000002b74cd39420 JavaThread "HttpClient-1-Worker-4" daemon [_thread_blocked, id=3132, stack(0x000000c9fd500000,0x000000c9fd600000)]
  0x000002b74cd37c10 JavaThread "HttpClient-1-Worker-5" daemon [_thread_blocked, id=16152, stack(0x000000c9fd600000,0x000000c9fd700000)]

Other Threads:
  0x000002b6be4b45d0 VMThread "VM Thread" [stack: 0x000000c9f8900000,0x000000c9f8a00000] [id=17208]
  0x000002b69b323120 WatcherThread [stack: 0x000000c9f9800000,0x000000c9f9900000] [id=16180]
  0x000002b69b305510 GCTaskThread "GC Thread#0" [stack: 0x000000c9f8400000,0x000000c9f8500000] [id=18688]
  0x000002b7053c4b10 GCTaskThread "GC Thread#1" [stack: 0x000000c9fa000000,0x000000c9fa100000] [id=9456]
  0x000002b7053c36a0 GCTaskThread "GC Thread#2" [stack: 0x000000c9fa100000,0x000000c9fa200000] [id=17892]
  0x000002b7053c3950 GCTaskThread "GC Thread#3" [stack: 0x000000c9fa200000,0x000000c9fa300000] [id=10408]
  0x000002b7053dc260 GCTaskThread "GC Thread#4" [stack: 0x000000c9fa300000,0x000000c9fa400000] [id=21760]
  0x000002b705469040 GCTaskThread "GC Thread#5" [stack: 0x000000c9fa400000,0x000000c9fa500000] [id=23236]
  0x000002b7056cb610 GCTaskThread "GC Thread#6" [stack: 0x000000c9faf00000,0x000000c9fb000000] [id=15872]
  0x000002b7056ca340 GCTaskThread "GC Thread#7" [stack: 0x000000c9fb000000,0x000000c9fb100000] [id=13896]
  0x000002b7056cbb70 GCTaskThread "GC Thread#8" [stack: 0x000000c9fb100000,0x000000c9fb200000] [id=3652]
  0x000002b74c708110 GCTaskThread "GC Thread#9" [stack: 0x000000c9fb200000,0x000000c9fb300000] [id=2628]
  0x000002b69b317270 ConcurrentGCThread "G1 Main Marker" [stack: 0x000000c9f8500000,0x000000c9f8600000] [id=2752]
  0x000002b69b319340 ConcurrentGCThread "G1 Conc#0" [stack: 0x000000c9f8600000,0x000000c9f8700000] [id=13276]
  0x000002b74c70b980 ConcurrentGCThread "G1 Conc#1" [stack: 0x000000c9fc200000,0x000000c9fc300000] [id=14576]
  0x000002b74c70b420 ConcurrentGCThread "G1 Conc#2" [stack: 0x000000c9fc300000,0x000000c9fc400000] [id=984]
  0x000002b69b36dce0 ConcurrentGCThread "G1 Refine#0" [stack: 0x000000c9f8700000,0x000000c9f8800000] [id=21796]
  0x000002b74c905140 ConcurrentGCThread "G1 Refine#1" [stack: 0x000000c9fb300000,0x000000c9fb400000] [id=18180]
  0x000002b74c7d0910 ConcurrentGCThread "G1 Refine#2" [stack: 0x000000c9fb400000,0x000000c9fb500000] [id=4516]
  0x000002b74c984ce0 ConcurrentGCThread "G1 Refine#3" [stack: 0x000000c9fb500000,0x000000c9fb600000] [id=8312]
  0x000002b74c91fd50 ConcurrentGCThread "G1 Refine#4" [stack: 0x000000c9fb600000,0x000000c9fb700000] [id=17156]
  0x000002b74c5f4ae0 ConcurrentGCThread "G1 Refine#5" [stack: 0x000000c9fb700000,0x000000c9fb800000] [id=19676]
  0x000002b69b36e610 ConcurrentGCThread "G1 Service" [stack: 0x000000c9f8800000,0x000000c9f8900000] [id=15700]

Threads with active compile tasks:

VM state: not at safepoint (normal execution)

VM Mutex/Monitor currently owned by a thread: None

Heap address: 0x0000000701000000, size: 4080 MB, Compressed Oops mode: Zero based, Oop shift amount: 3

CDS archive(s) mapped at: [0x000002b6bf000000-0x000002b6bfbd0000-0x000002b6bfbd0000), size 12386304, SharedBaseAddress: 0x000002b6bf000000, ArchiveRelocationMode: 1.
Compressed class space mapped at: 0x000002b6c0000000-0x000002b700000000, reserved size: 1073741824
Narrow klass base: 0x000002b6bf000000, Narrow klass shift: 0, Narrow klass range: 0x100000000

GC Precious Log:
 CPUs: 12 total, 12 available
 Memory: 16318M
 Large Page Support: Disabled
 NUMA Support: Disabled
 Compressed Oops: Enabled (Zero based)
 Heap Region Size: 2M
 Heap Min Capacity: 8M
 Heap Initial Capacity: 256M
 Heap Max Capacity: 4080M
 Pre-touch: Disabled
 Parallel Workers: 10
 Concurrent Workers: 3
 Concurrent Refinement Workers: 10
 Periodic GC: Disabled

Heap:
 garbage-first heap   total 161792K, used 60852K [0x0000000701000000, 0x0000000800000000)
  region size 2048K, 12 young (24576K), 1 survivors (2048K)
 Metaspace       used 26546K, committed 27008K, reserved 1114112K
  class space    used 3224K, committed 3456K, reserved 1048576K

Heap Regions: E=young(eden), S=young(survivor), O=old, HS=humongous(starts), HC=humongous(continues), CS=collection set, F=free, OA=open archive, CA=closed archive, TAMS=top-at-mark-start (previous, next)
|   0|0x0000000701000000, 0x0000000701200000, 0x0000000701200000|100%| O|  |TAMS 0x0000000701200000, 0x0000000701200000| Untracked 
|   1|0x0000000701200000, 0x0000000701400000, 0x0000000701400000|100%|HS|  |TAMS 0x0000000701400000, 0x0000000701400000| Complete 
|   2|0x0000000701400000, 0x0000000701600000, 0x0000000701600000|100%|HS|  |TAMS 0x0000000701400000, 0x0000000701400000| Complete 
|   3|0x0000000701600000, 0x0000000701800000, 0x0000000701800000|100%| O|  |TAMS 0x0000000701800000, 0x0000000701800000| Untracked 
|   4|0x0000000701800000, 0x0000000701a00000, 0x0000000701a00000|100%|HS|  |TAMS 0x0000000701a00000, 0x0000000701a00000| Complete 
|   5|0x0000000701a00000, 0x0000000701c00000, 0x0000000701c00000|100%|HS|  |TAMS 0x0000000701a00000, 0x0000000701a00000| Complete 
|   6|0x0000000701c00000, 0x0000000701e00000, 0x0000000701e00000|100%|HS|  |TAMS 0x0000000701e00000, 0x0000000701e00000| Complete 
|   7|0x0000000701e00000, 0x0000000702000000, 0x0000000702000000|100%|HS|  |TAMS 0x0000000702000000, 0x0000000702000000| Complete 
|   8|0x0000000702000000, 0x0000000702200000, 0x0000000702200000|100%| O|  |TAMS 0x0000000702200000, 0x0000000702200000| Untracked 
|   9|0x0000000702200000, 0x00000007022cdc00, 0x0000000702400000| 40%| O|  |TAMS 0x0000000702237800, 0x00000007022cdc00| Untracked 
|  10|0x0000000702400000, 0x0000000702600000, 0x0000000702600000|100%| O|  |TAMS 0x0000000702600000, 0x0000000702600000| Untracked 
|  11|0x0000000702600000, 0x0000000702800000, 0x0000000702800000|100%| O|  |TAMS 0x0000000702800000, 0x0000000702800000| Untracked 
|  12|0x0000000702800000, 0x0000000702a00000, 0x0000000702a00000|100%| O|  |TAMS 0x0000000702a00000, 0x0000000702a00000| Untracked 
|  13|0x0000000702a00000, 0x0000000702c00000, 0x0000000702c00000|100%| O|  |TAMS 0x0000000702c00000, 0x0000000702c00000| Untracked 
|  14|0x0000000702c00000, 0x0000000702e00000, 0x0000000702e00000|100%| O|  |TAMS 0x0000000702e00000, 0x0000000702e00000| Untracked 
|  15|0x0000000702e00000, 0x0000000703000000, 0x0000000703000000|100%|HS|  |TAMS 0x0000000702e00000, 0x0000000702e00000| Complete 
|  16|0x0000000703000000, 0x0000000703200000, 0x0000000703200000|100%|HS|  |TAMS 0x0000000703000000, 0x0000000703000000| Complete 
|  17|0x0000000703200000, 0x0000000703400000, 0x0000000703400000|100%|HS|  |TAMS 0x0000000703200000, 0x0000000703200000| Complete 
|  18|0x0000000703400000, 0x0000000703600000, 0x0000000703600000|100%|HS|  |TAMS 0x0000000703400000, 0x0000000703400000| Complete 
|  19|0x0000000703600000, 0x0000000703800000, 0x0000000703800000|100%|HS|  |TAMS 0x0000000703600000, 0x0000000703600000| Complete 
|  20|0x0000000703800000, 0x0000000703a00000, 0x0000000703a00000|100%|HS|  |TAMS 0x0000000703800000, 0x0000000703800000| Complete 
|  21|0x0000000703a00000, 0x0000000703a00000, 0x0000000703c00000|  0%| F|  |TAMS 0x0000000703a00000, 0x0000000703a00000| Untracked 
|  22|0x0000000703c00000, 0x0000000703c00000, 0x0000000703e00000|  0%| F|  |TAMS 0x0000000703c00000, 0x0000000703c00000| Untracked 
|  23|0x0000000703e00000, 0x0000000703e00000, 0x0000000704000000|  0%| F|  |TAMS 0x0000000703e00000, 0x0000000703e00000| Untracked 
|  24|0x0000000704000000, 0x0000000704000000, 0x0000000704200000|  0%| F|  |TAMS 0x0000000704000000, 0x0000000704000000| Untracked 
|  25|0x0000000704200000, 0x0000000704200000, 0x0000000704400000|  0%| F|  |TAMS 0x0000000704200000, 0x0000000704200000| Untracked 
|  26|0x0000000704400000, 0x0000000704400000, 0x0000000704600000|  0%| F|  |TAMS 0x0000000704400000, 0x0000000704400000| Untracked 
|  27|0x0000000704600000, 0x0000000704600000, 0x0000000704800000|  0%| F|  |TAMS 0x0000000704600000, 0x0000000704600000| Untracked 
|  28|0x0000000704800000, 0x0000000704800000, 0x0000000704a00000|  0%| F|  |TAMS 0x0000000704800000, 0x0000000704800000| Untracked 
|  29|0x0000000704a00000, 0x0000000704a00000, 0x0000000704c00000|  0%| F|  |TAMS 0x0000000704a00000, 0x0000000704a00000| Untracked 
|  30|0x0000000704c00000, 0x0000000704c00000, 0x0000000704e00000|  0%| F|  |TAMS 0x0000000704c00000, 0x0000000704c00000| Untracked 
|  31|0x0000000704e00000, 0x0000000704e00000, 0x0000000705000000|  0%| F|  |TAMS 0x0000000704e00000, 0x0000000704e00000| Untracked 
|  32|0x0000000705000000, 0x0000000705000000, 0x0000000705200000|  0%| F|  |TAMS 0x0000000705000000, 0x0000000705000000| Untracked 
|  33|0x0000000705200000, 0x0000000705200000, 0x0000000705400000|  0%| F|  |TAMS 0x0000000705200000, 0x0000000705200000| Untracked 
|  34|0x0000000705400000, 0x0000000705400000, 0x0000000705600000|  0%| F|  |TAMS 0x0000000705400000, 0x0000000705400000| Untracked 
|  35|0x0000000705600000, 0x0000000705600000, 0x0000000705800000|  0%| F|  |TAMS 0x0000000705600000, 0x0000000705600000| Untracked 
|  36|0x0000000705800000, 0x0000000705800000, 0x0000000705a00000|  0%| F|  |TAMS 0x0000000705800000, 0x0000000705800000| Untracked 
|  37|0x0000000705a00000, 0x0000000705a00000, 0x0000000705c00000|  0%| F|  |TAMS 0x0000000705a00000, 0x0000000705a00000| Untracked 
|  38|0x0000000705c00000, 0x0000000705c00000, 0x0000000705e00000|  0%| F|  |TAMS 0x0000000705c00000, 0x0000000705c00000| Untracked 
|  39|0x0000000705e00000, 0x0000000705e00000, 0x0000000706000000|  0%| F|  |TAMS 0x0000000705e00000, 0x0000000705e00000| Untracked 
|  40|0x0000000706000000, 0x0000000706000000, 0x0000000706200000|  0%| F|  |TAMS 0x0000000706000000, 0x0000000706000000| Untracked 
|  41|0x0000000706200000, 0x0000000706200000, 0x0000000706400000|  0%| F|  |TAMS 0x0000000706200000, 0x0000000706200000| Untracked 
|  42|0x0000000706400000, 0x0000000706400000, 0x0000000706600000|  0%| F|  |TAMS 0x0000000706400000, 0x0000000706400000| Untracked 
|  43|0x0000000706600000, 0x0000000706600000, 0x0000000706800000|  0%| F|  |TAMS 0x0000000706600000, 0x0000000706600000| Untracked 
|  44|0x0000000706800000, 0x0000000706800000, 0x0000000706a00000|  0%| F|  |TAMS 0x0000000706800000, 0x0000000706800000| Untracked 
|  45|0x0000000706a00000, 0x0000000706a00000, 0x0000000706c00000|  0%| F|  |TAMS 0x0000000706a00000, 0x0000000706a00000| Untracked 
|  46|0x0000000706c00000, 0x0000000706c00000, 0x0000000706e00000|  0%| F|  |TAMS 0x0000000706c00000, 0x0000000706c00000| Untracked 
|  47|0x0000000706e00000, 0x0000000706e00000, 0x0000000707000000|  0%| F|  |TAMS 0x0000000706e00000, 0x0000000706e00000| Untracked 
|  48|0x0000000707000000, 0x0000000707000000, 0x0000000707200000|  0%| F|  |TAMS 0x0000000707000000, 0x0000000707000000| Untracked 
|  49|0x0000000707200000, 0x0000000707200000, 0x0000000707400000|  0%| F|  |TAMS 0x0000000707200000, 0x0000000707200000| Untracked 
|  50|0x0000000707400000, 0x0000000707400000, 0x0000000707600000|  0%| F|  |TAMS 0x0000000707400000, 0x0000000707400000| Untracked 
|  51|0x0000000707600000, 0x0000000707600000, 0x0000000707800000|  0%| F|  |TAMS 0x0000000707600000, 0x0000000707600000| Untracked 
|  52|0x0000000707800000, 0x0000000707800000, 0x0000000707a00000|  0%| F|  |TAMS 0x0000000707800000, 0x0000000707800000| Untracked 
|  53|0x0000000707a00000, 0x0000000707a00000, 0x0000000707c00000|  0%| F|  |TAMS 0x0000000707a00000, 0x0000000707a00000| Untracked 
|  54|0x0000000707c00000, 0x0000000707c00000, 0x0000000707e00000|  0%| F|  |TAMS 0x0000000707c00000, 0x0000000707c00000| Untracked 
|  55|0x0000000707e00000, 0x0000000707e00000, 0x0000000708000000|  0%| F|  |TAMS 0x0000000707e00000, 0x0000000707e00000| Untracked 
|  56|0x0000000708000000, 0x0000000708000000, 0x0000000708200000|  0%| F|  |TAMS 0x0000000708000000, 0x0000000708000000| Untracked 
|  57|0x0000000708200000, 0x0000000708200000, 0x0000000708400000|  0%| F|  |TAMS 0x0000000708200000, 0x0000000708200000| Untracked 
|  58|0x0000000708400000, 0x0000000708400000, 0x0000000708600000|  0%| F|  |TAMS 0x0000000708400000, 0x0000000708400000| Untracked 
|  59|0x0000000708600000, 0x0000000708600000, 0x0000000708800000|  0%| F|  |TAMS 0x0000000708600000, 0x0000000708600000| Untracked 
|  60|0x0000000708800000, 0x0000000708800000, 0x0000000708a00000|  0%| F|  |TAMS 0x0000000708800000, 0x0000000708800000| Untracked 
|  61|0x0000000708a00000, 0x0000000708a00000, 0x0000000708c00000|  0%| F|  |TAMS 0x0000000708a00000, 0x0000000708a00000| Untracked 
|  62|0x0000000708c00000, 0x0000000708c00000, 0x0000000708e00000|  0%| F|  |TAMS 0x0000000708c00000, 0x0000000708c00000| Untracked 
|  63|0x0000000708e00000, 0x0000000708e00000, 0x0000000709000000|  0%| F|  |TAMS 0x0000000708e00000, 0x0000000708e00000| Untracked 
|  64|0x0000000709000000, 0x0000000709000000, 0x0000000709200000|  0%| F|  |TAMS 0x0000000709000000, 0x0000000709000000| Untracked 
|  65|0x0000000709200000, 0x0000000709200000, 0x0000000709400000|  0%| F|  |TAMS 0x0000000709200000, 0x0000000709200000| Untracked 
|  66|0x0000000709400000, 0x0000000709400000, 0x0000000709600000|  0%| F|  |TAMS 0x0000000709400000, 0x0000000709400000| Untracked 
|  67|0x0000000709600000, 0x0000000709723510, 0x0000000709800000| 56%| E|  |TAMS 0x0000000709600000, 0x0000000709600000| Complete 
|  68|0x0000000709800000, 0x0000000709a00000, 0x0000000709a00000|100%| E|CS|TAMS 0x0000000709800000, 0x0000000709800000| Complete 
|  69|0x0000000709a00000, 0x0000000709c00000, 0x0000000709c00000|100%| E|CS|TAMS 0x0000000709a00000, 0x0000000709a00000| Complete 
|  70|0x0000000709c00000, 0x0000000709e00000, 0x0000000709e00000|100%| E|CS|TAMS 0x0000000709c00000, 0x0000000709c00000| Complete 
|  71|0x0000000709e00000, 0x000000070a000000, 0x000000070a000000|100%| E|CS|TAMS 0x0000000709e00000, 0x0000000709e00000| Complete 
|  72|0x000000070a000000, 0x000000070a200000, 0x000000070a200000|100%| E|CS|TAMS 0x000000070a000000, 0x000000070a000000| Complete 
| 115|0x000000070f600000, 0x000000070f800000, 0x000000070f800000|100%| E|CS|TAMS 0x000000070f600000, 0x000000070f600000| Complete 
| 116|0x000000070f800000, 0x000000070fa00000, 0x000000070fa00000|100%| E|CS|TAMS 0x000000070f800000, 0x000000070f800000| Complete 
| 117|0x000000070fa00000, 0x000000070fc00000, 0x000000070fc00000|100%| E|  |TAMS 0x000000070fa00000, 0x000000070fa00000| Complete 
| 118|0x000000070fc00000, 0x000000070fc9f598, 0x000000070fe00000| 31%| S|CS|TAMS 0x000000070fc00000, 0x000000070fc00000| Complete 
| 126|0x0000000710c00000, 0x0000000710e00000, 0x0000000710e00000|100%| E|CS|TAMS 0x0000000710c00000, 0x0000000710c00000| Complete 
| 127|0x0000000710e00000, 0x0000000711000000, 0x0000000711000000|100%| E|CS|TAMS 0x0000000710e00000, 0x0000000710e00000| Complete 

Card table byte_map: [0x000002b6b2890000,0x000002b6b3090000] _byte_map_base: 0x000002b6af088000

Marking Bits (Prev, Next): (CMBitMap*) 0x000002b69b306a80, (CMBitMap*) 0x000002b69b306a40
 Prev Bits: [0x000002b6b7850000, 0x000002b6bb810000)
 Next Bits: [0x000002b6b3890000, 0x000002b6b7850000)

Polling page: 0x000002b699050000

Metaspace:

Usage:
  Non-class:     22.78 MB used.
      Class:      3.15 MB used.
       Both:     25.92 MB used.

Virtual space:
  Non-class space:       64.00 MB reserved,      23.00 MB ( 36%) committed,  1 nodes.
      Class space:        1.00 GB reserved,       3.38 MB ( <1%) committed,  1 nodes.
             Both:        1.06 GB reserved,      26.38 MB (  2%) committed. 

Chunk freelists:
   Non-Class:  8.86 MB
       Class:  12.46 MB
        Both:  21.32 MB

MaxMetaspaceSize: unlimited
CompressedClassSpaceSize: 1.00 GB
Initial GC threshold: 21.00 MB
Current GC threshold: 43.44 MB
CDS: on
MetaspaceReclaimPolicy: balanced
 - commit_granule_bytes: 65536.
 - commit_granule_words: 8192.
 - virtual_space_node_default_size: 8388608.
 - enlarge_chunks_in_place: 1.
 - new_chunks_are_fully_committed: 0.
 - uncommit_free_chunks: 1.
 - use_allocation_guard: 0.
 - handle_deallocations: 1.


Internal statistics:

num_allocs_failed_limit: 3.
num_arena_births: 552.
num_arena_deaths: 0.
num_vsnodes_births: 2.
num_vsnodes_deaths: 0.
num_space_committed: 422.
num_space_uncommitted: 0.
num_chunks_returned_to_freelist: 3.
num_chunks_taken_from_freelist: 1352.
num_chunk_merges: 0.
num_chunk_splits: 869.
num_chunks_enlarged: 573.
num_purges: 0.
num_inconsistent_stats: 0.

CodeHeap 'non-profiled nmethods': size=120000Kb used=3329Kb max_used=3329Kb free=116670Kb
 bounds [0x000002b6aa610000, 0x000002b6aa960000, 0x000002b6b1b40000]
CodeHeap 'profiled nmethods': size=120000Kb used=14165Kb max_used=14165Kb free=105834Kb
 bounds [0x000002b6a2b40000, 0x000002b6a3920000, 0x000002b6aa070000]
CodeHeap 'non-nmethods': size=5760Kb used=1545Kb max_used=1590Kb free=4214Kb
 bounds [0x000002b6aa070000, 0x000002b6aa2e0000, 0x000002b6aa610000]
 total_blobs=7736 nmethods=6808 adapters=839
 compilation: enabled
              stopped_count=0, restarted_count=0
 full_count=0

Compilation events (20 events):
Event: 14.500 Thread 0x000002b6be4dac00 6801       3       java.util.concurrent.ConcurrentLinkedDeque::<init> (21 bytes)
Event: 14.500 Thread 0x000002b6be4dac00 nmethod 6801 0x000002b6a3910910 code [0x000002b6a3910ac0, 0x000002b6a3910e78]
Event: 14.500 Thread 0x000002b6be4dac00 6802       3       java.util.ImmutableCollections$List12::toArray (41 bytes)
Event: 14.500 Thread 0x000002b6be4dac00 nmethod 6802 0x000002b6a3910f90 code [0x000002b6a3911160, 0x000002b6a39118d8]
Event: 14.500 Thread 0x000002b6be4dac00 6803       3       java.nio.HeapCharBuffer::<init> (23 bytes)
Event: 14.500 Thread 0x000002b6be4dac00 nmethod 6803 0x000002b6a3911a10 code [0x000002b6a3911bc0, 0x000002b6a3911d48]
Event: 14.501 Thread 0x000002b6be4dac00 6804       3       java.net.URI::toString (60 bytes)
Event: 14.502 Thread 0x000002b6be4dac00 nmethod 6804 0x000002b6a3911e10 code [0x000002b6a3912040, 0x000002b6a3912708]
Event: 14.502 Thread 0x000002b6be4dac00 6805       3       java.net.URI::appendSchemeSpecificPart (185 bytes)
Event: 14.502 Thread 0x000002b6be4dac00 nmethod 6805 0x000002b6a3912a10 code [0x000002b6a3912d80, 0x000002b6a3913ef8]
Event: 14.502 Thread 0x000002b6be4dac00 6806       3       java.net.URI::appendFragment (27 bytes)
Event: 14.502 Thread 0x000002b6be4dac00 nmethod 6806 0x000002b6a3914690 code [0x000002b6a3914860, 0x000002b6a3914b28]
Event: 14.502 Thread 0x000002b6be4dac00 6807       3       javafx.scene.control.Labeled::getContentBias (15 bytes)
Event: 14.502 Thread 0x000002b6be4dac00 nmethod 6807 0x000002b6a3914c90 code [0x000002b6a3914e60, 0x000002b6a3915328]
Event: 14.502 Thread 0x000002b6be4dac00 6808       1       com.sun.javafx.sg.prism.NGRegion::updateFillCorners (6 bytes)
Event: 14.503 Thread 0x000002b6be4dac00 nmethod 6808 0x000002b6aa94f510 code [0x000002b6aa94f6a0, 0x000002b6aa94f7b8]
Event: 14.503 Thread 0x000002b6be4dac00 6809       1       com.sun.javafx.sg.prism.NGRegion::updateStrokeCorners (6 bytes)
Event: 14.503 Thread 0x000002b6be4dac00 nmethod 6809 0x000002b6aa94f810 code [0x000002b6aa94f9a0, 0x000002b6aa94fab8]
Event: 14.503 Thread 0x000002b6be4d92f0 6810       4       com.sun.javafx.geom.PickRay::setDirection (12 bytes)
Event: 14.503 Thread 0x000002b6be4d92f0 nmethod 6810 0x000002b6aa94fb10 code [0x000002b6aa94fc80, 0x000002b6aa94fd38]

GC Heap History (20 events):
Event: 1.741 GC heap before
{Heap before GC invocations=2 (full 0):
 garbage-first heap   total 262144K, used 27571K [0x0000000701000000, 0x0000000800000000)
  region size 2048K, 12 young (24576K), 3 survivors (6144K)
 Metaspace       used 21218K, committed 21504K, reserved 1114112K
  class space    used 2838K, committed 3008K, reserved 1048576K
}
Event: 1.744 GC heap after
{Heap after GC invocations=3 (full 0):
 garbage-first heap   total 262144K, used 12455K [0x0000000701000000, 0x0000000800000000)
  region size 2048K, 4 young (8192K), 4 survivors (8192K)
 Metaspace       used 21218K, committed 21504K, reserved 1114112K
  class space    used 2838K, committed 3008K, reserved 1048576K
}
Event: 2.091 GC heap before
{Heap before GC invocations=4 (full 0):
 garbage-first heap   total 61440K, used 41127K [0x0000000701000000, 0x0000000800000000)
  region size 2048K, 20 young (40960K), 4 survivors (8192K)
 Metaspace       used 23287K, committed 23744K, reserved 1114112K
  class space    used 3072K, committed 3328K, reserved 1048576K
}
Event: 2.095 GC heap after
{Heap after GC invocations=5 (full 0):
 garbage-first heap   total 61440K, used 17019K [0x0000000701000000, 0x0000000800000000)
  region size 2048K, 6 young (12288K), 6 survivors (12288K)
 Metaspace       used 23287K, committed 23744K, reserved 1114112K
  class space    used 3072K, committed 3328K, reserved 1048576K
}
Event: 2.102 GC heap before
{Heap before GC invocations=5 (full 0):
 garbage-first heap   total 61440K, used 17019K [0x0000000701000000, 0x0000000800000000)
  region size 2048K, 7 young (14336K), 6 survivors (12288K)
 Metaspace       used 23304K, committed 23744K, reserved 1114112K
  class space    used 3072K, committed 3328K, reserved 1048576K
}
Event: 2.107 GC heap after
{Heap after GC invocations=6 (full 0):
 garbage-first heap   total 61440K, used 18282K [0x0000000701000000, 0x0000000800000000)
  region size 2048K, 1 young (2048K), 1 survivors (2048K)
 Metaspace       used 23304K, committed 23744K, reserved 1114112K
  class space    used 3072K, committed 3328K, reserved 1048576K
}
Event: 2.936 GC heap before
{Heap before GC invocations=6 (full 0):
 garbage-first heap   total 61440K, used 40810K [0x0000000701000000, 0x0000000800000000)
  region size 2048K, 13 young (26624K), 1 survivors (2048K)
 Metaspace       used 24255K, committed 24640K, reserved 1114112K
  class space    used 3103K, committed 3328K, reserved 1048576K
}
Event: 2.937 GC heap after
{Heap after GC invocations=7 (full 0):
 garbage-first heap   total 61440K, used 17781K [0x0000000701000000, 0x0000000800000000)
  region size 2048K, 1 young (2048K), 1 survivors (2048K)
 Metaspace       used 24255K, committed 24640K, reserved 1114112K
  class space    used 3103K, committed 3328K, reserved 1048576K
}
Event: 4.078 GC heap before
{Heap before GC invocations=7 (full 0):
 garbage-first heap   total 61440K, used 44405K [0x0000000701000000, 0x0000000800000000)
  region size 2048K, 13 young (26624K), 1 survivors (2048K)
 Metaspace       used 25190K, committed 25600K, reserved 1114112K
  class space    used 3164K, committed 3392K, reserved 1048576K
}
Event: 4.080 GC heap after
{Heap after GC invocations=8 (full 0):
 garbage-first heap   total 61440K, used 23067K [0x0000000701000000, 0x0000000800000000)
  region size 2048K, 2 young (4096K), 2 survivors (4096K)
 Metaspace       used 25190K, committed 25600K, reserved 1114112K
  class space    used 3164K, committed 3392K, reserved 1048576K
}
Event: 9.410 GC heap before
{Heap before GC invocations=8 (full 0):
 garbage-first heap   total 61440K, used 45595K [0x0000000701000000, 0x0000000800000000)
  region size 2048K, 12 young (24576K), 2 survivors (4096K)
 Metaspace       used 26218K, committed 26688K, reserved 1114112K
  class space    used 3216K, committed 3456K, reserved 1048576K
}
Event: 9.412 GC heap after
{Heap after GC invocations=9 (full 0):
 garbage-first heap   total 61440K, used 28307K [0x0000000701000000, 0x0000000800000000)
  region size 2048K, 2 young (4096K), 2 survivors (4096K)
 Metaspace       used 26218K, committed 26688K, reserved 1114112K
  class space    used 3216K, committed 3456K, reserved 1048576K
}
Event: 9.436 GC heap before
{Heap before GC invocations=9 (full 0):
 garbage-first heap   total 61440K, used 30355K [0x0000000701000000, 0x0000000800000000)
  region size 2048K, 3 young (6144K), 2 survivors (4096K)
 Metaspace       used 26223K, committed 26688K, reserved 1114112K
  class space    used 3216K, committed 3456K, reserved 1048576K
}
Event: 9.437 GC heap after
{Heap after GC invocations=10 (full 0):
 garbage-first heap   total 61440K, used 28184K [0x0000000701000000, 0x0000000800000000)
  region size 2048K, 1 young (2048K), 1 survivors (2048K)
 Metaspace       used 26223K, committed 26688K, reserved 1114112K
  class space    used 3216K, committed 3456K, reserved 1048576K
}
Event: 9.451 GC heap before
{Heap before GC invocations=11 (full 0):
 garbage-first heap   total 61440K, used 28184K [0x0000000701000000, 0x0000000800000000)
  region size 2048K, 2 young (4096K), 1 survivors (2048K)
 Metaspace       used 26227K, committed 26688K, reserved 1114112K
  class space    used 3216K, committed 3456K, reserved 1048576K
}
Event: 9.452 GC heap after
{Heap after GC invocations=12 (full 0):
 garbage-first heap   total 61440K, used 26164K [0x0000000701000000, 0x0000000800000000)
  region size 2048K, 1 young (2048K), 1 survivors (2048K)
 Metaspace       used 26227K, committed 26688K, reserved 1114112K
  class space    used 3216K, committed 3456K, reserved 1048576K
}
Event: 9.469 GC heap before
{Heap before GC invocations=13 (full 0):
 garbage-first heap   total 61440K, used 28212K [0x0000000701000000, 0x0000000800000000)
  region size 2048K, 2 young (4096K), 1 survivors (2048K)
 Metaspace       used 26227K, committed 26688K, reserved 1114112K
  class space    used 3216K, committed 3456K, reserved 1048576K
}
Event: 9.469 GC heap after
{Heap after GC invocations=14 (full 0):
 garbage-first heap   total 61440K, used 26062K [0x0000000701000000, 0x0000000800000000)
  region size 2048K, 1 young (2048K), 1 survivors (2048K)
 Metaspace       used 26227K, committed 26688K, reserved 1114112K
  class space    used 3216K, committed 3456K, reserved 1048576K
}
Event: 9.484 GC heap before
{Heap before GC invocations=14 (full 0):
 garbage-first heap   total 61440K, used 28110K [0x0000000701000000, 0x0000000800000000)
  region size 2048K, 2 young (4096K), 1 survivors (2048K)
 Metaspace       used 26227K, committed 26688K, reserved 1114112K
  class space    used 3216K, committed 3456K, reserved 1048576K
}
Event: 9.485 GC heap after
{Heap after GC invocations=15 (full 0):
 garbage-first heap   total 161792K, used 26036K [0x0000000701000000, 0x0000000800000000)
  region size 2048K, 1 young (2048K), 1 survivors (2048K)
 Metaspace       used 26227K, committed 26688K, reserved 1114112K
  class space    used 3216K, committed 3456K, reserved 1048576K
}

Deoptimization events (20 events):
Event: 11.797 Thread 0x000002b705487020 DEOPT PACKING pc=0x000002b6a3131eb8 sp=0x000000c9fadfd910
Event: 11.797 Thread 0x000002b705487020 DEOPT UNPACKING pc=0x000002b6aa0c2b43 sp=0x000000c9fadfcd90 mode 0
Event: 11.798 Thread 0x000002b705487020 DEOPT PACKING pc=0x000002b6a3215d0e sp=0x000000c9fadfde20
Event: 11.798 Thread 0x000002b705487020 DEOPT UNPACKING pc=0x000002b6aa0c2b43 sp=0x000000c9fadfd2f0 mode 0
Event: 11.856 Thread 0x000002b704ff97c0 DEOPT PACKING pc=0x000002b6a3084fcf sp=0x000000c9f9cfd430
Event: 11.856 Thread 0x000002b704ff97c0 DEOPT UNPACKING pc=0x000002b6aa0c2b43 sp=0x000000c9f9cfc8c0 mode 0
Event: 11.857 Thread 0x000002b704ff97c0 DEOPT PACKING pc=0x000002b6a3084fcf sp=0x000000c9f9cfd930
Event: 11.857 Thread 0x000002b704ff97c0 DEOPT UNPACKING pc=0x000002b6aa0c2b43 sp=0x000000c9f9cfcdc0 mode 0
Event: 11.857 Thread 0x000002b704ff97c0 DEOPT PACKING pc=0x000002b6a3084fcf sp=0x000000c9f9cfd930
Event: 11.857 Thread 0x000002b704ff97c0 DEOPT UNPACKING pc=0x000002b6aa0c2b43 sp=0x000000c9f9cfcdc0 mode 0
Event: 11.858 Thread 0x000002b704ff97c0 DEOPT PACKING pc=0x000002b6a3084fcf sp=0x000000c9f9cfd930
Event: 11.858 Thread 0x000002b704ff97c0 DEOPT UNPACKING pc=0x000002b6aa0c2b43 sp=0x000000c9f9cfcdc0 mode 0
Event: 11.858 Thread 0x000002b704ff97c0 DEOPT PACKING pc=0x000002b6a3084fcf sp=0x000000c9f9cfd930
Event: 11.858 Thread 0x000002b704ff97c0 DEOPT UNPACKING pc=0x000002b6aa0c2b43 sp=0x000000c9f9cfcdc0 mode 0
Event: 12.311 Thread 0x000002b704ff97c0 DEOPT PACKING pc=0x000002b6a3864fc3 sp=0x000000c9f9cfda70
Event: 12.311 Thread 0x000002b704ff97c0 DEOPT UNPACKING pc=0x000002b6aa0c2b43 sp=0x000000c9f9cfcf00 mode 0
Event: 12.312 Thread 0x000002b704ff97c0 DEOPT PACKING pc=0x000002b6a3864fc3 sp=0x000000c9f9cfda70
Event: 12.312 Thread 0x000002b704ff97c0 DEOPT UNPACKING pc=0x000002b6aa0c2b43 sp=0x000000c9f9cfcf00 mode 0
Event: 12.312 Thread 0x000002b704ff97c0 DEOPT PACKING pc=0x000002b6a3864fc3 sp=0x000000c9f9cfda70
Event: 12.312 Thread 0x000002b704ff97c0 DEOPT UNPACKING pc=0x000002b6aa0c2b43 sp=0x000000c9f9cfcf00 mode 0

Classes unloaded (0 events):
No events

Classes redefined (0 events):
No events

Internal exceptions (20 events):
Event: 2.172 Thread 0x000002b704ff97c0 Exception <a 'java/io/FileNotFoundException'{0x000000070fa7e9b0}> (0x000000070fa7e9b0) 
thrown [s\open\src\hotspot\share\prims\jni.cpp, line 516]
Event: 2.172 Thread 0x000002b704ff97c0 Exception <a 'java/io/FileNotFoundException'{0x000000070fa7f8f0}> (0x000000070fa7f8f0) 
thrown [s\open\src\hotspot\share\prims\jni.cpp, line 516]
Event: 2.172 Thread 0x000002b704ff97c0 Exception <a 'java/io/FileNotFoundException'{0x000000070fa807f0}> (0x000000070fa807f0) 
thrown [s\open\src\hotspot\share\prims\jni.cpp, line 516]
Event: 2.441 Thread 0x000002b7054896a0 Exception <a 'sun/nio/fs/WindowsException'{0x0000000703acb3f0}> (0x0000000703acb3f0) 
thrown [s\open\src\hotspot\share\prims\jni.cpp, line 516]
Event: 2.964 Thread 0x000002b704ff97c0 Exception <a 'java/lang/NoSuchMethodError'{0x0000000710c93e90}: 'void java.lang.invoke.DirectMethodHandle$Holder.invokeStaticInit(java.lang.Object, java.lang.Object, java.lang.Object)'> (0x0000000710c93e90) 
thrown [s\open\src\hotspot\share\interpreter\linkResolver.cpp, line 759]
Event: 3.372 Thread 0x000002b705487020 Exception <a 'java/lang/NoSuchMethodError'{0x000000070f9d2a40}: 'java.lang.Object java.lang.invoke.DirectMethodHandle$Holder.newInvokeSpecial(java.lang.Object, java.lang.Object, long, long)'> (0x000000070f9d2a40) 
thrown [s\open\src\hotspot\share\interpreter\linkResolver.cpp, line 759]
Event: 3.373 Thread 0x000002b705487020 Exception <a 'java/lang/NoSuchMethodError'{0x000000070f9d6d60}: 'java.lang.Object java.lang.invoke.DirectMethodHandle$Holder.invokeSpecial(java.lang.Object, java.lang.Object, java.lang.Object, long, long)'> (0x000000070f9d6d60) 
thrown [s\open\src\hotspot\share\interpreter\linkResolver.cpp, line 759]
Event: 3.373 Thread 0x000002b705487020 Exception <a 'java/lang/NoSuchMethodError'{0x000000070f9da870}: 'java.lang.Object java.lang.invoke.Invokers$Holder.linkToTargetMethod(java.lang.Object, long, long, java.lang.Object)'> (0x000000070f9da870) 
thrown [s\open\src\hotspot\share\interpreter\linkResolver.cpp, line 759]
Event: 3.440 Thread 0x000002b704ff97c0 Exception <a 'java/lang/ClassNotFoundException'{0x000000070f6f5208}: sun/net/www/protocol/about/Handler> (0x000000070f6f5208) 
thrown [s\open\src\hotspot\share\classfile\systemDictionary.cpp, line 256]
Event: 3.621 Thread 0x000002b7054896a0 Exception <a 'sun/nio/fs/WindowsException'{0x0000000703f88840}> (0x0000000703f88840) 
thrown [s\open\src\hotspot\share\prims\jni.cpp, line 516]
Event: 3.923 Thread 0x000002b704ff97c0 Exception <a 'java/lang/ClassNotFoundException'{0x00000007036dbf18}: sun/net/www/protocol/about/Handler> (0x00000007036dbf18) 
thrown [s\open\src\hotspot\share\classfile\systemDictionary.cpp, line 256]
Event: 4.014 Thread 0x000002b704ff97c0 Exception <a 'java/lang/ClassNotFoundException'{0x00000007037ffc40}: sun/net/www/protocol/about/Handler> (0x00000007037ffc40) 
thrown [s\open\src\hotspot\share\classfile\systemDictionary.cpp, line 256]
Event: 4.037 Thread 0x000002b704ff97c0 Exception <a 'java/lang/NoSuchMethodError'{0x00000007034ca868}: 'java.lang.Object java.lang.invoke.Invokers$Holder.linkToTargetMethod(java.lang.Object, long, java.lang.Object, java.lang.Object, java.lang.Object)'> (0x00000007034ca868) 
thrown [s\open\src\hotspot\share\interpreter\linkResolver.cpp, line 759]
Event: 4.106 Thread 0x000002b7054896a0 Exception <a 'sun/nio/fs/WindowsException'{0x0000000710fc4ad0}> (0x0000000710fc4ad0) 
thrown [s\open\src\hotspot\share\prims\jni.cpp, line 516]
Event: 4.599 Thread 0x000002b704ff97c0 Exception <a 'java/lang/NoSuchMethodError'{0x000000070fc1faa8}: 'java.lang.Object java.lang.invoke.DirectMethodHandle$Holder.newInvokeSpecial(java.lang.Object, java.lang.Object, java.lang.Object, double, double, double, double, int, int, int, int, int, int, int, int, int)'> (0x000000070fc1faa8) 
thrown [s\open\src\hotspot\share\interpreter\linkResolver.cpp, line 759]
Event: 8.109 Thread 0x000002b7048b0a80 Implicit null exception at 0x000002b6aa899b50 to 0x000002b6aa899bb4
Event: 12.385 Thread 0x000002b704ff97c0 Exception <a 'java/lang/ClassNotFoundException'{0x0000000709a65398}: sun/net/www/protocol/about/Handler> (0x0000000709a65398) 
thrown [s\open\src\hotspot\share\classfile\systemDictionary.cpp, line 256]
Event: 14.474 Thread 0x000002b704ff97c0 Exception <a 'java/lang/NoSuchMethodError'{0x00000007099da048}: 'java.lang.Object java.lang.invoke.DirectMethodHandle$Holder.newInvokeSpecial(java.lang.Object, java.lang.Object, int, int, int, int, int, java.lang.Object)'> (0x00000007099da048) 
thrown [s\open\src\hotspot\share\interpreter\linkResolver.cpp, line 759]
Event: 14.475 Thread 0x000002b704ff97c0 Exception <a 'java/lang/NoSuchMethodError'{0x00000007099ed028}: 'java.lang.Object java.lang.invoke.DirectMethodHandle$Holder.newInvokeSpecial(java.lang.Object, java.lang.Object, java.lang.Object, int, int, int, int, int)'> (0x00000007099ed028) 
thrown [s\open\src\hotspot\share\interpreter\linkResolver.cpp, line 759]
Event: 14.475 Thread 0x000002b704ff97c0 Exception <a 'java/lang/NoSuchMethodError'{0x00000007099f4888}: 'java.lang.Object java.lang.invoke.Invokers$Holder.linkToTargetMethod(java.lang.Object, java.lang.Object, int, int, int, int, int, java.lang.Object)'> (0x00000007099f4888) 
thrown [s\open\src\hotspot\share\interpreter\linkResolver.cpp, line 759]

VM Operations (20 events):
Event: 9.448 Executing VM operation: G1Concurrent
Event: 9.448 Executing VM operation: G1Concurrent done
Event: 9.451 Executing VM operation: G1TryInitiateConcMark
Event: 9.451 Executing VM operation: G1TryInitiateConcMark done
Event: 9.451 Executing VM operation: G1CollectForAllocation
Event: 9.452 Executing VM operation: G1CollectForAllocation done
Event: 9.458 Executing VM operation: G1Concurrent
Event: 9.460 Executing VM operation: G1Concurrent done
Event: 9.463 Executing VM operation: G1Concurrent
Event: 9.463 Executing VM operation: G1Concurrent done
Event: 9.469 Executing VM operation: G1TryInitiateConcMark
Event: 9.469 Executing VM operation: G1TryInitiateConcMark done
Event: 9.484 Executing VM operation: G1TryInitiateConcMark
Event: 9.485 Executing VM operation: G1TryInitiateConcMark done
Event: 11.485 Executing VM operation: Cleanup
Event: 11.485 Executing VM operation: Cleanup done
Event: 12.485 Executing VM operation: Cleanup
Event: 12.485 Executing VM operation: Cleanup done
Event: 14.485 Executing VM operation: Cleanup
Event: 14.485 Executing VM operation: Cleanup done

Events (20 events):
Event: 3.616 loading class java/util/EnumMap$ValueIterator
Event: 3.616 loading class java/util/EnumMap$EnumMapIterator
Event: 3.616 loading class java/util/EnumMap$EnumMapIterator done
Event: 3.616 loading class java/util/EnumMap$ValueIterator done
Event: 3.658 loading class sun/security/rsa/RSASignature$SHA384withRSA
Event: 3.658 loading class sun/security/rsa/RSASignature$SHA384withRSA done
Event: 3.830 Thread 0x000002b759935210 Thread exited: 0x000002b759935210
Event: 3.968 Thread 0x000002b758629a90 Thread exited: 0x000002b758629a90
Event: 4.896 Thread 0x000002b75993c170 Thread exited: 0x000002b75993c170
Event: 9.227 Thread 0x000002b756f68e80 Thread added: 0x000002b756f68e80
Event: 10.421 Thread 0x000002b756f68e80 Thread exited: 0x000002b756f68e80
Event: 11.767 Thread 0x000002b75b185960 Thread added: 0x000002b75b185960
Event: 11.767 Thread 0x000002b75b185960 Thread exited: 0x000002b75b185960
Event: 11.922 Thread 0x000002b75b18e4f0 Thread added: 0x000002b75b18e4f0
Event: 11.922 Thread 0x000002b75b18e4f0 Thread exited: 0x000002b75b18e4f0
Event: 12.291 Loaded shared library C:\Users\diego\.openjfx\cache\17.0.6\javafx_iio.dll
Event: 14.500 loading class java/lang/Throwable$WrappedPrintStream
Event: 14.500 loading class java/lang/Throwable$PrintStreamOrWriter
Event: 14.500 loading class java/lang/Throwable$PrintStreamOrWriter done
Event: 14.500 loading class java/lang/Throwable$WrappedPrintStream done


Dynamic libraries:
0x00007ff72b960000 - 0x00007ff72b970000 	C:\Program Files\Java\jdk-17\bin\java.exe
0x00007fffa85d0000 - 0x00007fffa87c8000 	C:\Windows\SYSTEM32\ntdll.dll
0x00007fffa82b0000 - 0x00007fffa836d000 	C:\Windows\System32\KERNEL32.DLL
0x00007fffa5cf0000 - 0x00007fffa5fe6000 	C:\Windows\System32\KERNELBASE.dll
0x00007fffa6420000 - 0x00007fffa6520000 	C:\Windows\System32\ucrtbase.dll
0x00007fff96c90000 - 0x00007fff96cab000 	C:\Program Files\Java\jdk-17\bin\VCRUNTIME140.dll
0x00007fffa1530000 - 0x00007fffa1549000 	C:\Program Files\Java\jdk-17\bin\jli.dll
0x00007fffa6d70000 - 0x00007fffa6e23000 	C:\Windows\System32\ADVAPI32.dll
0x00007fffa6e90000 - 0x00007fffa6f2e000 	C:\Windows\System32\msvcrt.dll
0x00007fffa84f0000 - 0x00007fffa858f000 	C:\Windows\System32\sechost.dll
0x00007fffa7b90000 - 0x00007fffa7cb6000 	C:\Windows\System32\RPCRT4.dll
0x00007fffa5ff0000 - 0x00007fffa6017000 	C:\Windows\System32\bcrypt.dll
0x00007fffa7420000 - 0x00007fffa75be000 	C:\Windows\System32\USER32.dll
0x00007fffa6020000 - 0x00007fffa6042000 	C:\Windows\System32\win32u.dll
0x00007fff963f0000 - 0x00007fff9668a000 	C:\Windows\WinSxS\amd64_microsoft.windows.common-controls_6595b64144ccf1df_6.0.19041.3636_none_60b6a03d71f818d5\COMCTL32.dll
0x00007fffa7e10000 - 0x00007fffa7e3c000 	C:\Windows\System32\GDI32.dll
0x00007fffa6300000 - 0x00007fffa641a000 	C:\Windows\System32\gdi32full.dll
0x00007fffa61b0000 - 0x00007fffa624d000 	C:\Windows\System32\msvcp_win.dll
0x00007fff9b790000 - 0x00007fff9b79a000 	C:\Windows\SYSTEM32\VERSION.dll
0x00007fffa6f30000 - 0x00007fffa6f60000 	C:\Windows\System32\IMM32.DLL
0x00007fffa2680000 - 0x00007fffa268c000 	C:\Program Files\Java\jdk-17\bin\vcruntime140_1.dll
0x00007fff5eed0000 - 0x00007fff5ef5e000 	C:\Program Files\Java\jdk-17\bin\msvcp140.dll
0x00007fff55a90000 - 0x00007fff5666e000 	C:\Program Files\Java\jdk-17\bin\server\jvm.dll
0x00007fffa8220000 - 0x00007fffa8228000 	C:\Windows\System32\PSAPI.DLL
0x00007fff9ab60000 - 0x00007fff9ab87000 	C:\Windows\SYSTEM32\WINMM.dll
0x00007fffa0d90000 - 0x00007fffa0d99000 	C:\Windows\SYSTEM32\WSOCK32.dll
0x00007fffa7e40000 - 0x00007fffa7eab000 	C:\Windows\System32\WS2_32.dll
0x00007fffa3a90000 - 0x00007fffa3aa2000 	C:\Windows\SYSTEM32\kernel.appcore.dll
0x00007fffa0b90000 - 0x00007fffa0b9a000 	C:\Program Files\Java\jdk-17\bin\jimage.dll
0x00007fff9a220000 - 0x00007fff9a404000 	C:\Windows\SYSTEM32\DBGHELP.DLL
0x00007fff823d0000 - 0x00007fff82404000 	C:\Windows\SYSTEM32\dbgcore.DLL
0x00007fffa6520000 - 0x00007fffa65a2000 	C:\Windows\System32\bcryptPrimitives.dll
0x00007fff87780000 - 0x00007fff8778e000 	C:\Program Files\Java\jdk-17\bin\instrument.dll
0x00007fff775a0000 - 0x00007fff775c5000 	C:\Program Files\Java\jdk-17\bin\java.dll
0x00007fff5c5c0000 - 0x00007fff5c697000 	C:\Program Files\Java\jdk-17\bin\jsvml.dll
0x00007fffa6620000 - 0x00007fffa6d65000 	C:\Windows\System32\SHELL32.dll
0x00007fffa3d70000 - 0x00007fffa450b000 	C:\Windows\SYSTEM32\windows.storage.dll
0x00007fffa6f60000 - 0x00007fffa72b4000 	C:\Windows\System32\combase.dll
0x00007fffa5600000 - 0x00007fffa562d000 	C:\Windows\SYSTEM32\Wldp.dll
0x00007fffa7ae0000 - 0x00007fffa7b8d000 	C:\Windows\System32\SHCORE.dll
0x00007fffa7f80000 - 0x00007fffa7fd5000 	C:\Windows\System32\shlwapi.dll
0x00007fffa5bd0000 - 0x00007fffa5bf5000 	C:\Windows\SYSTEM32\profapi.dll
0x00007fff84380000 - 0x00007fff84399000 	C:\Program Files\Java\jdk-17\bin\net.dll
0x00007fff9cf80000 - 0x00007fff9d08a000 	C:\Windows\SYSTEM32\WINHTTP.dll
0x00007fffa5360000 - 0x00007fffa53ca000 	C:\Windows\system32\mswsock.dll
0x00007fff7e560000 - 0x00007fff7e576000 	C:\Program Files\Java\jdk-17\bin\nio.dll
0x00007fff7d950000 - 0x00007fff7d968000 	C:\Program Files\Java\jdk-17\bin\zip.dll
0x00007fff70aa0000 - 0x00007fff70aba000 	C:\Program Files\JetBrains\IntelliJ IDEA 2023.2.2\bin\breakgen64.dll
0x000002b699280000 - 0x000002b699283000 	C:\Users\diego\.openjfx\cache\17.0.6\api-ms-win-core-console-l1-1-0.dll
0x000002b699290000 - 0x000002b699293000 	C:\Users\diego\.openjfx\cache\17.0.6\api-ms-win-core-console-l1-2-0.dll
0x000002b6992a0000 - 0x000002b6992a3000 	C:\Users\diego\.openjfx\cache\17.0.6\api-ms-win-core-datetime-l1-1-0.dll
0x000002b6992b0000 - 0x000002b6992b3000 	C:\Users\diego\.openjfx\cache\17.0.6\api-ms-win-core-debug-l1-1-0.dll
0x000002b69b230000 - 0x000002b69b233000 	C:\Users\diego\.openjfx\cache\17.0.6\api-ms-win-core-errorhandling-l1-1-0.dll
0x000002b69b240000 - 0x000002b69b244000 	C:\Users\diego\.openjfx\cache\17.0.6\api-ms-win-core-file-l1-1-0.dll
0x000002b69b250000 - 0x000002b69b253000 	C:\Users\diego\.openjfx\cache\17.0.6\api-ms-win-core-file-l1-2-0.dll
0x000002b69b260000 - 0x000002b69b263000 	C:\Users\diego\.openjfx\cache\17.0.6\api-ms-win-core-file-l2-1-0.dll
0x000002b6beb20000 - 0x000002b6beb23000 	C:\Users\diego\.openjfx\cache\17.0.6\api-ms-win-core-handle-l1-1-0.dll
0x000002b6beb30000 - 0x000002b6beb33000 	C:\Users\diego\.openjfx\cache\17.0.6\api-ms-win-core-heap-l1-1-0.dll
0x000002b6beb40000 - 0x000002b6beb43000 	C:\Users\diego\.openjfx\cache\17.0.6\api-ms-win-core-interlocked-l1-1-0.dll
0x000002b6beb10000 - 0x000002b6beb13000 	C:\Users\diego\.openjfx\cache\17.0.6\api-ms-win-core-libraryloader-l1-1-0.dll
0x000002b6bec80000 - 0x000002b6bec83000 	C:\Users\diego\.openjfx\cache\17.0.6\api-ms-win-core-localization-l1-2-0.dll
0x000002b6bec90000 - 0x000002b6bec93000 	C:\Users\diego\.openjfx\cache\17.0.6\api-ms-win-core-memory-l1-1-0.dll
0x000002b6beca0000 - 0x000002b6beca3000 	C:\Users\diego\.openjfx\cache\17.0.6\api-ms-win-core-namedpipe-l1-1-0.dll
0x000002b6becb0000 - 0x000002b6becb3000 	C:\Users\diego\.openjfx\cache\17.0.6\api-ms-win-core-processenvironment-l1-1-0.dll
0x000002b6bea00000 - 0x000002b6bea03000 	C:\Users\diego\.openjfx\cache\17.0.6\api-ms-win-core-processthreads-l1-1-0.dll
0x000002b6bea10000 - 0x000002b6bea13000 	C:\Users\diego\.openjfx\cache\17.0.6\api-ms-win-core-processthreads-l1-1-1.dll
0x000002b6bea20000 - 0x000002b6bea23000 	C:\Users\diego\.openjfx\cache\17.0.6\api-ms-win-core-profile-l1-1-0.dll
0x000002b6bea30000 - 0x000002b6bea33000 	C:\Users\diego\.openjfx\cache\17.0.6\api-ms-win-core-rtlsupport-l1-1-0.dll
0x000002b6bea40000 - 0x000002b6bea43000 	C:\Users\diego\.openjfx\cache\17.0.6\api-ms-win-core-string-l1-1-0.dll
0x000002b6bea50000 - 0x000002b6bea53000 	C:\Users\diego\.openjfx\cache\17.0.6\api-ms-win-core-synch-l1-1-0.dll
0x000002b6bea60000 - 0x000002b6bea63000 	C:\Users\diego\.openjfx\cache\17.0.6\api-ms-win-core-synch-l1-2-0.dll
0x000002b6bea70000 - 0x000002b6bea73000 	C:\Users\diego\.openjfx\cache\17.0.6\api-ms-win-core-sysinfo-l1-1-0.dll
0x000002b6bea80000 - 0x000002b6bea83000 	C:\Users\diego\.openjfx\cache\17.0.6\api-ms-win-core-timezone-l1-1-0.dll
0x000002b6bea90000 - 0x000002b6bea93000 	C:\Users\diego\.openjfx\cache\17.0.6\api-ms-win-core-util-l1-1-0.dll
0x000002b6beaa0000 - 0x000002b6beaa3000 	C:\Users\diego\.openjfx\cache\17.0.6\api-ms-win-crt-conio-l1-1-0.dll
0x000002b6beab0000 - 0x000002b6beab4000 	C:\Users\diego\.openjfx\cache\17.0.6\api-ms-win-crt-convert-l1-1-0.dll
0x000002b6beac0000 - 0x000002b6beac3000 	C:\Users\diego\.openjfx\cache\17.0.6\api-ms-win-crt-environment-l1-1-0.dll
0x000002b6bead0000 - 0x000002b6bead3000 	C:\Users\diego\.openjfx\cache\17.0.6\api-ms-win-crt-filesystem-l1-1-0.dll
0x000002b6beae0000 - 0x000002b6beae3000 	C:\Users\diego\.openjfx\cache\17.0.6\api-ms-win-crt-heap-l1-1-0.dll
0x000002b6beaf0000 - 0x000002b6beaf3000 	C:\Users\diego\.openjfx\cache\17.0.6\api-ms-win-crt-locale-l1-1-0.dll
0x000002b6beb00000 - 0x000002b6beb05000 	C:\Users\diego\.openjfx\cache\17.0.6\api-ms-win-crt-math-l1-1-0.dll
0x000002b6beb50000 - 0x000002b6beb55000 	C:\Users\diego\.openjfx\cache\17.0.6\api-ms-win-crt-multibyte-l1-1-0.dll
0x000002b6beb60000 - 0x000002b6beb70000 	C:\Users\diego\.openjfx\cache\17.0.6\api-ms-win-crt-private-l1-1-0.dll
0x000002b6beb70000 - 0x000002b6beb73000 	C:\Users\diego\.openjfx\cache\17.0.6\api-ms-win-crt-process-l1-1-0.dll
0x000002b6beb80000 - 0x000002b6beb84000 	C:\Users\diego\.openjfx\cache\17.0.6\api-ms-win-crt-runtime-l1-1-0.dll
0x000002b6beb90000 - 0x000002b6beb94000 	C:\Users\diego\.openjfx\cache\17.0.6\api-ms-win-crt-stdio-l1-1-0.dll
0x000002b6beba0000 - 0x000002b6beba4000 	C:\Users\diego\.openjfx\cache\17.0.6\api-ms-win-crt-string-l1-1-0.dll
0x000002b6bebb0000 - 0x000002b6bebb3000 	C:\Users\diego\.openjfx\cache\17.0.6\api-ms-win-crt-time-l1-1-0.dll
0x000002b6bebc0000 - 0x000002b6bebc3000 	C:\Users\diego\.openjfx\cache\17.0.6\api-ms-win-crt-utility-l1-1-0.dll
0x00007fff57590000 - 0x00007fff5768c000 	C:\Users\diego\.openjfx\cache\17.0.6\ucrtbase.dll
0x00007fff708e0000 - 0x00007fff708fa000 	C:\Users\diego\.openjfx\cache\17.0.6\vcruntime140.dll
0x00007fff81630000 - 0x00007fff8163c000 	C:\Users\diego\.openjfx\cache\17.0.6\vcruntime140_1.dll
0x00007fff5bde0000 - 0x00007fff5be6d000 	C:\Users\diego\.openjfx\cache\17.0.6\msvcp140.dll
0x00007fff80f60000 - 0x00007fff80f69000 	C:\Users\diego\.openjfx\cache\17.0.6\msvcp140_1.dll
0x00007fff6fa80000 - 0x00007fff6faaf000 	C:\Users\diego\.openjfx\cache\17.0.6\msvcp140_2.dll
0x00007fff6b630000 - 0x00007fff6b65a000 	C:\Users\diego\.openjfx\cache\17.0.6\prism_d3d.dll
0x00007fff8b1a0000 - 0x00007fff8b36d000 	C:\Windows\system32\d3d9.dll
0x00007fffa3a60000 - 0x00007fffa3a8f000 	C:\Windows\SYSTEM32\dwmapi.dll
0x00007fffa36c0000 - 0x00007fffa375e000 	C:\Windows\system32\uxtheme.dll
0x00007fff9b7a0000 - 0x00007fff9b85c000 	C:\Windows\System32\DriverStore\FileRepository\nv_dispi.inf_amd64_677da8a9230cea15\nvldumdx.dll
0x00007fffa5790000 - 0x00007fffa57a2000 	C:\Windows\SYSTEM32\msasn1.dll
0x00007fff9b750000 - 0x00007fff9b781000 	C:\Windows\SYSTEM32\cryptnet.dll
0x00007fffa6050000 - 0x00007fffa61ad000 	C:\Windows\System32\CRYPT32.dll
0x00007fff9b9d0000 - 0x00007fff9bb18000 	C:\Windows\SYSTEM32\drvstore.dll
0x00007fffa5960000 - 0x00007fffa5993000 	C:\Windows\SYSTEM32\devobj.dll
0x00007fffa5ca0000 - 0x00007fffa5cee000 	C:\Windows\System32\cfgmgr32.dll
0x00007fffa5570000 - 0x00007fffa557c000 	C:\Windows\SYSTEM32\cryptbase.dll
0x00007fffa65b0000 - 0x00007fffa6617000 	C:\Windows\System32\wintrust.dll
0x00007fffa7df0000 - 0x00007fffa7e0d000 	C:\Windows\System32\imagehlp.dll
0x00007fffa5550000 - 0x00007fffa5568000 	C:\Windows\SYSTEM32\CRYPTSP.dll
0x00007fffa4c90000 - 0x00007fffa4cc4000 	C:\Windows\system32\rsaenh.dll
0x00007fff98030000 - 0x00007fff9a21e000 	C:\Windows\System32\DriverStore\FileRepository\nv_dispi.inf_amd64_677da8a9230cea15\nvgpucomp64.dll
0x00007fff0e240000 - 0x00007fff10c05000 	C:\Windows\System32\DriverStore\FileRepository\nv_dispi.inf_amd64_677da8a9230cea15\nvd3dumx.dll
0x00007fff64870000 - 0x00007fff648b2000 	C:\Users\diego\.openjfx\cache\17.0.6\glass.dll
0x00007fffa7330000 - 0x00007fffa740a000 	C:\Windows\System32\COMDLG32.dll
0x00007fffa7cc0000 - 0x00007fffa7deb000 	C:\Windows\System32\ole32.dll
0x00007fffa7eb0000 - 0x00007fffa7f7d000 	C:\Windows\System32\OLEAUT32.dll
0x00007fffa83d0000 - 0x00007fffa84e4000 	C:\Windows\System32\MSCTF.dll
0x00007fff66780000 - 0x00007fff66a51000 	C:\Windows\system32\nvspcap64.dll
0x00007fffa4db0000 - 0x00007fffa4de3000 	C:\Windows\SYSTEM32\ntmarta.dll
0x00007fffa4520000 - 0x00007fffa4543000 	C:\Windows\SYSTEM32\gpapi.dll
0x00007fff9c330000 - 0x00007fff9c36b000 	C:\Windows\SYSTEM32\dxcore.dll
0x00007fff09e00000 - 0x00007fff0e23c000 	C:\Users\diego\.openjfx\cache\17.0.6\jfxwebkit.dll
0x00007fff6fcf0000 - 0x00007fff6fd04000 	C:\Users\diego\.openjfx\cache\17.0.6\javafx_font.dll
0x00007fff80390000 - 0x00007fff8060f000 	C:\Windows\SYSTEM32\dwrite.dll
0x00007fff89940000 - 0x00007fff8994e000 	C:\Program Files\Java\jdk-17\bin\sunmscapi.dll
0x00007fffa5670000 - 0x00007fffa5698000 	C:\Windows\SYSTEM32\ncrypt.dll
0x00007fffa5630000 - 0x00007fffa566b000 	C:\Windows\SYSTEM32\NTASN1.dll

dbghelp: loaded successfully - version: 4.0.5 - missing functions: none
symbol engine: initialized successfully - sym options: 0x614 - pdb path: .;C:\Program Files\Java\jdk-17\bin;C:\Windows\SYSTEM32;C:\Windows\WinSxS\amd64_microsoft.windows.common-controls_6595b64144ccf1df_6.0.19041.3636_none_60b6a03d71f818d5;C:\Program Files\Java\jdk-17\bin\server;C:\Program Files\JetBrains\IntelliJ IDEA 2023.2.2\bin;C:\Users\diego\.openjfx\cache\17.0.6;C:\Windows\System32\DriverStore\FileRepository\nv_dispi.inf_amd64_677da8a9230cea15;C:\Program Files\Common Files\Microsoft Shared\Ink

VM Arguments:
jvm_args: -Dfile.encoding=UTF8 -javaagent:C:\Program Files\JetBrains\IntelliJ IDEA 2023.2.2\lib\idea_rt.jar=58832:C:\Program Files\JetBrains\IntelliJ IDEA 2023.2.2\bin -Dfile.encoding=UTF-8 --module-path=C:\Users\diego\.m2\repository\org\openjfx\javafx-controls\17.0.6\javafx-controls-17.0.6-win.jar;C:\Users\diego\.m2\repository\org\openjfx\javafx-media\17.0.6\javafx-media-17.0.6-win.jar;C:\Users\diego\.m2\repository\org\openjfx\javafx-base\17.0.6\javafx-base-17.0.6-win.jar;C:\Users\diego\.m2\repository\org\openjfx\javafx-graphics\17.0.6\javafx-graphics-17.0.6-win.jar;G:\Mi unidad\2DAM D.G.A\DDI\Proyectos\AppAyuda\target\classes;C:\Users\diego\.m2\repository\org\openjfx\javafx-web\17.0.6\javafx-web-17.0.6-win.jar;C:\Users\diego\.m2\repository\org\openjfx\javafx-fxml\17.0.6\javafx-fxml-17.0.6-win.jar -Djdk.module.main=es.ieslosmontecillos.appayuda 
java_command: es.ieslosmontecillos.appayuda/es.ieslosmontecillos.appayuda.WebViewSample
java_class_path (initial): C:\hsqldb\lib\hsqldb.jar;C:\neodatis-odb-1.9.30-689\neodatis-odb-1.9.30.689.jar;C:\Users\diego\.m2\repository\org\openjfx\javafx-controls\17.0.6\javafx-controls-17.0.6.jar;C:\Users\diego\.m2\repository\org\openjfx\javafx-graphics\17.0.6\javafx-graphics-17.0.6.jar;C:\Users\diego\.m2\repository\org\openjfx\javafx-base\17.0.6\javafx-base-17.0.6.jar;C:\Users\diego\.m2\repository\org\openjfx\javafx-fxml\17.0.6\javafx-fxml-17.0.6.jar;C:\Users\diego\.m2\repository\org\openjfx\javafx-web\17.0.6\javafx-web-17.0.6.jar;C:\Users\diego\.m2\repository\org\openjfx\javafx-media\17.0.6\javafx-media-17.0.6.jar
Launcher Type: SUN_STANDARD

[Global flags]
     intx CICompilerCount                          = 4                                         {product} {ergonomic}
     uint ConcGCThreads                            = 3                                         {product} {ergonomic}
     uint G1ConcRefinementThreads                  = 10                                        {product} {ergonomic}
   size_t G1HeapRegionSize                         = 2097152                                   {product} {ergonomic}
    uintx GCDrainStackTargetSize                   = 64                                        {product} {ergonomic}
   size_t InitialHeapSize                          = 268435456                                 {product} {ergonomic}
   size_t MarkStackSize                            = 4194304                                   {product} {ergonomic}
   size_t MaxHeapSize                              = 4278190080                                {product} {ergonomic}
   size_t MaxNewSize                               = 2566914048                                {product} {ergonomic}
   size_t MinHeapDeltaBytes                        = 2097152                                   {product} {ergonomic}
   size_t MinHeapSize                              = 8388608                                   {product} {ergonomic}
    uintx NonNMethodCodeHeapSize                   = 5839372                                {pd product} {ergonomic}
    uintx NonProfiledCodeHeapSize                  = 122909434                              {pd product} {ergonomic}
    uintx ProfiledCodeHeapSize                     = 122909434                              {pd product} {ergonomic}
    uintx ReservedCodeCacheSize                    = 251658240                              {pd product} {ergonomic}
     bool SegmentedCodeCache                       = true                                      {product} {ergonomic}
   size_t SoftMaxHeapSize                          = 4278190080                             {manageable} {ergonomic}
     bool UseCompressedClassPointers               = true                           {product lp64_product} {ergonomic}
     bool UseCompressedOops                        = true                           {product lp64_product} {ergonomic}
     bool UseG1GC                                  = true                                      {product} {ergonomic}
     bool UseLargePagesIndividualAllocation        = false                                  {pd product} {ergonomic}

Logging:
Log output configuration:
 #0: stdout all=warning uptime,level,tags
 #1: stderr all=off uptime,level,tags

Environment Variables:
JAVA_HOME=C:\Program Files\Java\jdk-17
JAVA_TOOL_OPTIONS=-Dfile.encoding=UTF8
PATH=C:\Python312\Scripts\;C:\Python312\;C:\Program Files\Common Files\Oracle\Java\javapath;C:\Program Files (x86)\Common Files\Oracle\Java\javapath;C:\Windows\system32;C:\Windows;C:\Windows\System32\Wbem;C:\Windows\System32\WindowsPowerShell\v1.0\;C:\Windows\System32\OpenSSH\;C:\Program Files (x86)\NVIDIA Corporation\PhysX\Common;C:\Program Files\NVIDIA Corporation\NVIDIA NvDLISR;C:\Program Files\Git\cmd;C:\Program Files\nodejs\;C:\ProgramData\chocolatey\bin;C:\Users\diego\Documents\apache-maven-3.9.5\bin;C:\Program Files\dotnet\;C:\Program Files (x86)\Windows Kits\10\Windows Performance Toolkit\;C:\Program Files\MySQL\MySQL Shell 8.0\bin\;C:\Users\diego\AppData\Local\Microsoft\WindowsApps;C:\Users\diego\AppData\Local\Programs\Microsoft VS Code\bin;C:\Program Files\JetBrains\IntelliJ IDEA 2023.2.2\bin;;C:\Program Files\sf\bin;C:\Users\diego\AppData\Roaming\npm;C:\Users\diego\.dotnet\tools;C:\Users\diego\Documents\android-sdk\cmdline-tools\12.0\bin;C:\Users\diego\Documents\android-sdk\cmdline-tools\12.0;C:\Users\diego\Documents\android-sdk\platform-tools;
USERNAME=diego
OS=Windows_NT
PROCESSOR_IDENTIFIER=AMD64 Family 23 Model 113 Stepping 0, AuthenticAMD



---------------  S Y S T E M  ---------------

OS:
 Windows 10 , 64 bit Build 19041 (10.0.19041.3636)
OS uptime: 2 days 13:09 hours

CPU: total 12 (initial active 12) (12 cores per cpu, 2 threads per core) family 23 model 113 stepping 0 microcode 0x0, cx8, cmov, fxsr, ht, mmx, 3dnowpref, sse, sse2, sse3, ssse3, sse4a, sse4.1, sse4.2, popcnt, lzcnt, tsc, tscinvbit, avx, avx2, aes, clmul, bmi1, bmi2, adx, sha, fma, vzeroupper, clflush, clflushopt

Memory: 4k page, system-wide physical 16318M (6874M free)
TotalPageFile size 27070M (AvailPageFile size 12478M)
current process WorkingSet (physical memory assigned to process): 375M, peak: 431M
current process commit charge ("private bytes"): 681M, peak: 782M

vm_info: Java HotSpot(TM) 64-Bit Server VM (17.0.8+9-LTS-211) for windows-amd64 JRE (17.0.8+9-LTS-211), built on Jun 14 2023 10:34:31 by "mach5one" with MS VC++ 17.1 (VS2022)

END.
